<?xml version="1.0" encoding="UTF-8"?>
<testng-results total="1" passed="1" failed="0" skipped="0">
  <reporter-output>
  </reporter-output>
  <suite started-at="2018-12-04T02:07:16Z" name="Suite" finished-at="2018-12-04T02:07:30Z" duration-ms="13925">
    <groups>
    </groups>
    <test started-at="2018-12-04T02:07:16Z" name="Test" finished-at="2018-12-04T02:07:30Z" duration-ms="13925">
      <class name="example.NewTest">
        <test-method is-config="true" signature="setUp()[pri:0, instance:example.NewTest@47af7f3d]" started-at="2018-12-04T10:07:16Z" name="setUp" finished-at="2018-12-04T10:07:24Z" duration-ms="7983" status="PASS">
          <reporter-output>
          </reporter-output>
        </test-method> <!-- setUp -->
        <test-method signature="testNg()[pri:0, instance:example.NewTest@47af7f3d]" started-at="2018-12-04T10:07:24Z" name="testNg" finished-at="2018-12-04T10:07:29Z" duration-ms="4766" status="PASS">
          <reporter-output>
          </reporter-output>
        </test-method> <!-- testNg -->
        <test-method is-config="true" signature="tearDown()[pri:0, instance:example.NewTest@47af7f3d]" started-at="2018-12-04T10:07:29Z" name="tearDown" finished-at="2018-12-04T10:07:30Z" duration-ms="1145" status="PASS">
          <reporter-output>
          </reporter-output>
        </test-method> <!-- tearDown -->
      </class> <!-- example.NewTest -->
    </test> <!-- Test -->
  </suite> <!-- Suite -->
</testng-results>
